<?xml version="1.0" encoding="UTF-8"?>
<coverage generated="1738286413368" clover="3.2.0">
  <project timestamp="1738286413368" name="All files">
    <metrics statements="24" coveredstatements="24" conditionals="4" coveredconditionals="4" methods="8" coveredmethods="8" elements="36" coveredelements="36" complexity="0" loc="24" ncloc="24" packages="1" files="1" classes="1"/>
    <file name="workers.js" path="E:\Documents\GitHub\TFGCafeteria\cafeteria_app\src\test\workers.js">
      <metrics statements="24" coveredstatements="24" conditionals="4" coveredconditionals="4" methods="8" coveredmethods="8"/>
      <line num="5" count="1" type="stmt"/>
      <line num="8" count="1" type="stmt"/>
      <line num="9" count="8" type="stmt"/>
      <line num="10" count="3" type="stmt"/>
      <line num="11" count="3" type="stmt"/>
      <line num="12" count="3" type="stmt"/>
      <line num="13" count="3" type="stmt"/>
      <line num="15" count="1" type="stmt"/>
      <line num="20" count="8" type="stmt"/>
      <line num="21" count="2" type="stmt"/>
      <line num="22" count="2" type="stmt"/>
      <line num="23" count="2" type="stmt"/>
      <line num="24" count="1" type="stmt"/>
      <line num="26" count="1" type="stmt"/>
      <line num="31" count="8" type="stmt"/>
      <line num="32" count="2" type="stmt"/>
      <line num="33" count="7" type="cond" truecount="2" falsecount="0"/>
      <line num="34" count="7" type="cond" truecount="2" falsecount="0"/>
      <line num="35" count="5" type="stmt"/>
      <line num="37" count="7" type="stmt"/>
      <line num="38" count="7" type="stmt"/>
      <line num="43" count="8" type="stmt"/>
      <line num="44" count="6" type="stmt"/>
      <line num="47" count="8" type="stmt"/>
    </file>
  </project>
</coverage>
