{"E:\\Documents\\GitHub\\TFGCafeteria\\cafeteria_app\\src\\test\\workers.js": {"path":"E:\\Documents\\GitHub\\TFGCafeteria\\cafeteria_app\\src\\test\\workers.js","statementMap":{"0":{"start":{"line":5,"column":16},"end":{"line":5,"column":23}},"1":{"start":{"line":8,"column":26},"end":{"line":54,"column":1}},"2":{"start":{"line":9,"column":23},"end":{"line":17,"column":3}},"3":{"start":{"line":10,"column":4},"end":{"line":16,"column":5}},"4":{"start":{"line":11,"column":16},"end":{"line":11,"column":42}},"5":{"start":{"line":12,"column":28},"end":{"line":12,"column":44}},"6":{"start":{"line":13,"column":6},"end":{"line":13,"column":66}},"7":{"start":{"line":13,"column":54},"end":{"line":13,"column":64}},"8":{"start":{"line":15,"column":6},"end":{"line":15,"column":62}},"9":{"start":{"line":20,"column":20},"end":{"line":28,"column":3}},"10":{"start":{"line":21,"column":4},"end":{"line":27,"column":5}},"11":{"start":{"line":22,"column":16},"end":{"line":22,"column":42}},"12":{"start":{"line":23,"column":6},"end":{"line":23,"column":65}},"13":{"start":{"line":24,"column":6},"end":{"line":24,"column":27}},"14":{"start":{"line":26,"column":6},"end":{"line":26,"column":59}},"15":{"start":{"line":31,"column":32},"end":{"line":40,"column":3}},"16":{"start":{"line":32,"column":4},"end":{"line":39,"column":11}},"17":{"start":{"line":33,"column":22},"end":{"line":33,"column":53}},"18":{"start":{"line":34,"column":6},"end":{"line":36,"column":7}},"19":{"start":{"line":35,"column":8},"end":{"line":35,"column":26}},"20":{"start":{"line":37,"column":6},"end":{"line":37,"column":32}},"21":{"start":{"line":38,"column":6},"end":{"line":38,"column":17}},"22":{"start":{"line":43,"column":30},"end":{"line":45,"column":3}},"23":{"start":{"line":44,"column":4},"end":{"line":44,"column":72}},"24":{"start":{"line":44,"column":44},"end":{"line":44,"column":70}},"25":{"start":{"line":47,"column":2},"end":{"line":53,"column":4}}},"fnMap":{"0":{"name":"(anonymous_0)","decl":{"start":{"line":8,"column":26},"end":{"line":8,"column":27}},"loc":{"start":{"line":8,"column":32},"end":{"line":54,"column":1}},"line":8},"1":{"name":"(anonymous_1)","decl":{"start":{"line":9,"column":23},"end":{"line":9,"column":24}},"loc":{"start":{"line":9,"column":35},"end":{"line":17,"column":3}},"line":9},"2":{"name":"(anonymous_2)","decl":{"start":{"line":13,"column":45},"end":{"line":13,"column":46}},"loc":{"start":{"line":13,"column":54},"end":{"line":13,"column":64}},"line":13},"3":{"name":"(anonymous_3)","decl":{"start":{"line":20,"column":20},"end":{"line":20,"column":21}},"loc":{"start":{"line":20,"column":46},"end":{"line":28,"column":3}},"line":20},"4":{"name":"(anonymous_4)","decl":{"start":{"line":31,"column":32},"end":{"line":31,"column":33}},"loc":{"start":{"line":31,"column":38},"end":{"line":40,"column":3}},"line":31},"5":{"name":"(anonymous_5)","decl":{"start":{"line":32,"column":32},"end":{"line":32,"column":33}},"loc":{"start":{"line":32,"column":49},"end":{"line":39,"column":5}},"line":32},"6":{"name":"(anonymous_6)","decl":{"start":{"line":43,"column":30},"end":{"line":43,"column":31}},"loc":{"start":{"line":43,"column":43},"end":{"line":45,"column":3}},"line":43},"7":{"name":"(anonymous_7)","decl":{"start":{"line":44,"column":32},"end":{"line":44,"column":33}},"loc":{"start":{"line":44,"column":44},"end":{"line":44,"column":70}},"line":44}},"branchMap":{"0":{"loc":{"start":{"line":33,"column":22},"end":{"line":33,"column":53}},"type":"binary-expr","locations":[{"start":{"line":33,"column":22},"end":{"line":33,"column":36}},{"start":{"line":33,"column":40},"end":{"line":33,"column":53}}],"line":33},"1":{"loc":{"start":{"line":34,"column":6},"end":{"line":36,"column":7}},"type":"if","locations":[{"start":{"line":34,"column":6},"end":{"line":36,"column":7}},{"start":{},"end":{}}],"line":34}},"s":{"0":1,"1":1,"2":8,"3":3,"4":3,"5":3,"6":2,"7":3,"8":1,"9":8,"10":2,"11":2,"12":2,"13":1,"14":1,"15":8,"16":2,"17":7,"18":7,"19":5,"20":7,"21":7,"22":8,"23":2,"24":6,"25":8},"f":{"0":8,"1":3,"2":3,"3":2,"4":2,"5":7,"6":2,"7":6},"b":{"0":[7,1],"1":[5,2]},"_coverageSchema":"1a1c01bbd47fc00a2c39e90264f33305004495a9","hash":"d6d932ec6cfe226ab651f6358715c26dc5cc4356"}
}
