TN:
SF:src\test\workers.js
FN:8,(anonymous_0)
FN:9,(anonymous_1)
FN:13,(anonymous_2)
FN:20,(anonymous_3)
FN:31,(anonymous_4)
FN:32,(anonymous_5)
FN:43,(anonymous_6)
FN:44,(anonymous_7)
FNF:8
FNH:8
FNDA:8,(anonymous_0)
FNDA:3,(anonymous_1)
FNDA:3,(anonymous_2)
FNDA:2,(anonymous_3)
FNDA:2,(anonymous_4)
FNDA:7,(anonymous_5)
FNDA:2,(anonymous_6)
FNDA:6,(anonymous_7)
DA:5,1
DA:8,1
DA:9,8
DA:10,3
DA:11,3
DA:12,3
DA:13,3
DA:15,1
DA:20,8
DA:21,2
DA:22,2
DA:23,2
DA:24,1
DA:26,1
DA:31,8
DA:32,2
DA:33,7
DA:34,7
DA:35,5
DA:37,7
DA:38,7
DA:43,8
DA:44,6
DA:47,8
LF:24
LH:24
BRDA:33,0,0,7
BRDA:33,0,1,1
BRDA:34,1,0,5
BRDA:34,1,1,2
BRF:4
BRH:4
end_of_record
