{"E:\\Documents\\GitHub\\TFGCafeteria\\administracion_app\\src\\test\\bonus.js": {"path":"E:\\Documents\\GitHub\\TFGCafeteria\\administracion_app\\src\\test\\bonus.js","statementMap":{"0":{"start":{"line":14,"column":30},"end":{"line":23,"column":1}},"1":{"start":{"line":15,"column":2},"end":{"line":22,"column":3}},"2":{"start":{"line":16,"column":14},"end":{"line":16,"column":41}},"3":{"start":{"line":17,"column":26},"end":{"line":17,"column":42}},"4":{"start":{"line":18,"column":19},"end":{"line":18,"column":69}},"5":{"start":{"line":18,"column":51},"end":{"line":18,"column":68}},"6":{"start":{"line":19,"column":4},"end":{"line":19,"column":18}},"7":{"start":{"line":21,"column":4},"end":{"line":21,"column":56}},"8":{"start":{"line":26,"column":28},"end":{"line":34,"column":1}},"9":{"start":{"line":27,"column":2},"end":{"line":33,"column":3}},"10":{"start":{"line":28,"column":14},"end":{"line":28,"column":41}},"11":{"start":{"line":29,"column":21},"end":{"line":29,"column":54}},"12":{"start":{"line":30,"column":4},"end":{"line":30,"column":23}},"13":{"start":{"line":32,"column":4},"end":{"line":32,"column":55}},"14":{"start":{"line":38,"column":31},"end":{"line":57,"column":1}},"15":{"start":{"line":39,"column":2},"end":{"line":56,"column":3}},"16":{"start":{"line":40,"column":14},"end":{"line":43,"column":5}},"17":{"start":{"line":44,"column":26},"end":{"line":44,"column":42}},"18":{"start":{"line":46,"column":4},"end":{"line":53,"column":5}},"19":{"start":{"line":47,"column":23},"end":{"line":47,"column":44}},"20":{"start":{"line":48,"column":23},"end":{"line":48,"column":56}},"21":{"start":{"line":50,"column":6},"end":{"line":50,"column":53}},"22":{"start":{"line":52,"column":6},"end":{"line":52,"column":73}},"23":{"start":{"line":55,"column":4},"end":{"line":55,"column":69}},"24":{"start":{"line":60,"column":31},"end":{"line":76,"column":1}},"25":{"start":{"line":61,"column":2},"end":{"line":75,"column":3}},"26":{"start":{"line":62,"column":14},"end":{"line":62,"column":77}},"27":{"start":{"line":63,"column":26},"end":{"line":63,"column":42}},"28":{"start":{"line":65,"column":4},"end":{"line":72,"column":5}},"29":{"start":{"line":66,"column":23},"end":{"line":66,"column":44}},"30":{"start":{"line":67,"column":23},"end":{"line":67,"column":56}},"31":{"start":{"line":69,"column":6},"end":{"line":69,"column":32}},"32":{"start":{"line":71,"column":6},"end":{"line":71,"column":70}},"33":{"start":{"line":74,"column":4},"end":{"line":74,"column":56}}},"fnMap":{"0":{"name":"(anonymous_0)","decl":{"start":{"line":14,"column":30},"end":{"line":14,"column":31}},"loc":{"start":{"line":14,"column":42},"end":{"line":23,"column":1}},"line":14},"1":{"name":"(anonymous_1)","decl":{"start":{"line":18,"column":42},"end":{"line":18,"column":43}},"loc":{"start":{"line":18,"column":51},"end":{"line":18,"column":68}},"line":18},"2":{"name":"(anonymous_2)","decl":{"start":{"line":26,"column":28},"end":{"line":26,"column":29}},"loc":{"start":{"line":26,"column":44},"end":{"line":34,"column":1}},"line":26},"3":{"name":"(anonymous_3)","decl":{"start":{"line":38,"column":31},"end":{"line":38,"column":32}},"loc":{"start":{"line":38,"column":59},"end":{"line":57,"column":1}},"line":38},"4":{"name":"(anonymous_4)","decl":{"start":{"line":60,"column":31},"end":{"line":60,"column":32}},"loc":{"start":{"line":60,"column":47},"end":{"line":76,"column":1}},"line":60}},"branchMap":{"0":{"loc":{"start":{"line":46,"column":4},"end":{"line":53,"column":5}},"type":"if","locations":[{"start":{"line":46,"column":4},"end":{"line":53,"column":5}},{"start":{"line":51,"column":11},"end":{"line":53,"column":5}}],"line":46},"1":{"loc":{"start":{"line":65,"column":4},"end":{"line":72,"column":5}},"type":"if","locations":[{"start":{"line":65,"column":4},"end":{"line":72,"column":5}},{"start":{"line":70,"column":11},"end":{"line":72,"column":5}}],"line":65}},"s":{"0":1,"1":2,"2":2,"3":2,"4":1,"5":2,"6":1,"7":1,"8":1,"9":2,"10":2,"11":2,"12":1,"13":1,"14":1,"15":3,"16":3,"17":3,"18":3,"19":2,"20":2,"21":2,"22":1,"23":2,"24":1,"25":3,"26":3,"27":3,"28":3,"29":2,"30":2,"31":2,"32":1,"33":2},"f":{"0":2,"1":2,"2":2,"3":3,"4":3},"b":{"0":[2,1],"1":[2,1]},"_coverageSchema":"1a1c01bbd47fc00a2c39e90264f33305004495a9","hash":"d4276348572026356fb9dfc1255d87fcbc2b5ddb"}
}
