TN:
SF:src\test\bonus.js
FN:14,(anonymous_0)
FN:18,(anonymous_1)
FN:26,(anonymous_2)
FN:38,(anonymous_3)
FN:60,(anonymous_4)
FNF:5
FNH:5
FNDA:2,(anonymous_0)
FNDA:2,(anonymous_1)
FNDA:2,(anonymous_2)
FNDA:3,(anonymous_3)
FNDA:3,(anonymous_4)
DA:14,1
DA:15,2
DA:16,2
DA:17,2
DA:18,2
DA:19,1
DA:21,1
DA:26,1
DA:27,2
DA:28,2
DA:29,2
DA:30,1
DA:32,1
DA:38,1
DA:39,3
DA:40,3
DA:44,3
DA:46,3
DA:47,2
DA:48,2
DA:50,2
DA:52,1
DA:55,2
DA:60,1
DA:61,3
DA:62,3
DA:63,3
DA:65,3
DA:66,2
DA:67,2
DA:69,2
DA:71,1
DA:74,2
LF:33
LH:33
BRDA:46,0,0,2
BRDA:46,0,1,1
BRDA:65,1,0,2
BRDA:65,1,1,1
BRF:4
BRH:4
end_of_record
