{"E:\\Documents\\GitHub\\TFGCafeteria\\alumno_app\\src\\test\\company.js": {"path":"E:\\Documents\\GitHub\\TFGCafeteria\\alumno_app\\src\\test\\company.js","statementMap":{"0":{"start":{"line":5,"column":30},"end":{"line":15,"column":1}},"1":{"start":{"line":6,"column":2},"end":{"line":14,"column":3}},"2":{"start":{"line":7,"column":14},"end":{"line":7,"column":46}},"3":{"start":{"line":8,"column":26},"end":{"line":8,"column":42}},"4":{"start":{"line":9,"column":19},"end":{"line":9,"column":69}},"5":{"start":{"line":9,"column":51},"end":{"line":9,"column":68}},"6":{"start":{"line":11,"column":4},"end":{"line":11,"column":18}},"7":{"start":{"line":13,"column":4},"end":{"line":13,"column":59}},"8":{"start":{"line":18,"column":38},"end":{"line":33,"column":1}},"9":{"start":{"line":19,"column":2},"end":{"line":32,"column":3}},"10":{"start":{"line":20,"column":14},"end":{"line":23,"column":5}},"11":{"start":{"line":24,"column":26},"end":{"line":24,"column":42}},"12":{"start":{"line":26,"column":4},"end":{"line":29,"column":5}},"13":{"start":{"line":27,"column":21},"end":{"line":27,"column":42}},"14":{"start":{"line":28,"column":6},"end":{"line":28,"column":35}},"15":{"start":{"line":31,"column":4},"end":{"line":31,"column":58}}},"fnMap":{"0":{"name":"(anonymous_0)","decl":{"start":{"line":5,"column":30},"end":{"line":5,"column":31}},"loc":{"start":{"line":5,"column":42},"end":{"line":15,"column":1}},"line":5},"1":{"name":"(anonymous_1)","decl":{"start":{"line":9,"column":42},"end":{"line":9,"column":43}},"loc":{"start":{"line":9,"column":51},"end":{"line":9,"column":68}},"line":9},"2":{"name":"(anonymous_2)","decl":{"start":{"line":18,"column":38},"end":{"line":18,"column":39}},"loc":{"start":{"line":18,"column":60},"end":{"line":33,"column":1}},"line":18}},"branchMap":{"0":{"loc":{"start":{"line":26,"column":4},"end":{"line":29,"column":5}},"type":"if","locations":[{"start":{"line":26,"column":4},"end":{"line":29,"column":5}},{"start":{},"end":{}}],"line":26}},"s":{"0":1,"1":2,"2":2,"3":2,"4":1,"5":2,"6":1,"7":1,"8":1,"9":3,"10":3,"11":3,"12":2,"13":1,"14":1,"15":1},"f":{"0":2,"1":2,"2":3},"b":{"0":[1,1]},"_coverageSchema":"1a1c01bbd47fc00a2c39e90264f33305004495a9","hash":"ed19e43bb5aa5c0726eed14328884683b7e81438"}
}
